g11513.t1	Q32PH0	6.53346e-83	28	69	Trafficking protein particle complex subunit 9
g11960.t1	Q8CJB9	6.05822e-98	26	98	E3 ubiquitin-protein ligase BRE1B
g12388.t1	P0DPW4	2.69114e-11	38	68	U-scoloptoxin(01)-Er1a
g12562.t1	P0DPW4	6.96617e-13	39	68	U-scoloptoxin(01)-Er1a
g1285.t1	P0DPW4	1.74017e-12	37	68	U-scoloptoxin(01)-Er1a
g15153.t1	P0DPW4	1.8386e-14	39	68	U-scoloptoxin(01)-Er1a
g15484.t1	Q155U0	0	45	91	Vacuolar protein sorting-associated protein 51 homolog
g16318.t1	A2VD00	4.04822e-08	36	7	Eukaryotic translation initiation factor 3 subunit A
g16368.t1	A4II09	1.18188e-05	39	5	Eukaryotic translation initiation factor 3 subunit A
g2203.t1	Q69ZQ1	2.37567e-126	35	86	Myogenesis-regulating glycosidase
g3428.t1	Q09510	8.53358e-65	56	91	Myosin regulatory light chain
g3679.t1	Q19269	7.23563e-22	29	37	Zinc metalloproteinase nas-14
g4970.t1	P97435	3.99455e-16	25	34	Enteropeptidase
g5467.t1	P0DPW4	3.8119e-13	44	55	U-scoloptoxin(01)-Er1a
g5502.t1	P0DPW4	5.67285e-14	39	68	U-scoloptoxin(01)-Er1a
g5503.t1	P0DPW4	6.5595e-14	39	68	U-scoloptoxin(01)-Er1a
g5616.t1	P0DPW4	2.18889e-14	40	68	U-scoloptoxin(01)-Er1a
g5641.t1	P0DPW4	4.97713e-13	39	68	U-scoloptoxin(01)-Er1a
g5927.t1	Q17427	1.05241e-18	38	75	Glucosamine 6-phosphate N-acetyltransferase
g702.t1	P0DPW4	1.45331e-11	40	68	U-scoloptoxin(01)-Er1a
g7861.t1	B4F769	1.53012e-71	37	45	SWI/SNF-related matrix-associated actin-dependent regulator of chromatin subfamily A-like protein 1
g8100.t1	Q2YDR3	2.92447e-46	36	79	Inositol monophosphatase 3
g8312.t1	Q5KU39	0	40	84	Vacuolar protein sorting-associated protein 41 homolog
